{"E:\\fundo-project\\fundoo-notes\\src\\index.js": {"path":"E:\\fundo-project\\fundoo-notes\\src\\index.js","statementMap":{"0":{"start":{"line":2,"column":0},"end":{"line":2,"column":16}},"1":{"start":{"line":22,"column":12},"end":{"line":22,"column":21}},"2":{"start":{"line":23,"column":13},"end":{"line":23,"column":33}},"3":{"start":{"line":24,"column":13},"end":{"line":24,"column":33}},"4":{"start":{"line":25,"column":20},"end":{"line":25,"column":43}},"5":{"start":{"line":27,"column":0},"end":{"line":27,"column":16}},"6":{"start":{"line":28,"column":0},"end":{"line":28,"column":18}},"7":{"start":{"line":29,"column":0},"end":{"line":29,"column":48}},"8":{"start":{"line":30,"column":0},"end":{"line":30,"column":24}},"9":{"start":{"line":31,"column":0},"end":{"line":31,"column":51}},"10":{"start":{"line":32,"column":0},"end":{"line":32,"column":72}},"11":{"start":{"line":33,"column":0},"end":{"line":33,"column":11}},"12":{"start":{"line":34,"column":0},"end":{"line":34,"column":8}},"13":{"start":{"line":36,"column":0},"end":{"line":36,"column":41}},"14":{"start":{"line":37,"column":0},"end":{"line":37,"column":25}},"15":{"start":{"line":38,"column":0},"end":{"line":38,"column":29}},"16":{"start":{"line":39,"column":0},"end":{"line":39,"column":18}},"17":{"start":{"line":41,"column":0},"end":{"line":43,"column":3}},"18":{"start":{"line":42,"column":2},"end":{"line":42,"column":71}}},"fnMap":{"0":{"name":"(anonymous_0)","decl":{"start":{"line":41,"column":17},"end":{"line":41,"column":18}},"loc":{"start":{"line":41,"column":23},"end":{"line":43,"column":1}},"line":41}},"branchMap":{},"s":{"0":1,"1":1,"2":1,"3":1,"4":1,"5":1,"6":1,"7":1,"8":1,"9":1,"10":1,"11":1,"12":1,"13":1,"14":1,"15":1,"16":1,"17":1,"18":0},"f":{"0":0},"b":{},"_coverageSchema":"1a1c01bbd47fc00a2c39e90264f33305004495a9","hash":"a7716fdacc8f585c5509cd116de0bea96370c28a"}
,"E:\\fundo-project\\fundoo-notes\\src\\config\\database.js": {"path":"E:\\fundo-project\\fundoo-notes\\src\\config\\database.js","statementMap":{"0":{"start":{"line":4,"column":17},"end":{"line":22,"column":1}},"1":{"start":{"line":5,"column":2},"end":{"line":21,"column":3}},"2":{"start":{"line":8,"column":6},"end":{"line":10,"column":30}},"3":{"start":{"line":12,"column":4},"end":{"line":17,"column":7}},"4":{"start":{"line":18,"column":4},"end":{"line":18,"column":46}},"5":{"start":{"line":20,"column":4},"end":{"line":20,"column":62}}},"fnMap":{"0":{"name":"(anonymous_0)","decl":{"start":{"line":4,"column":17},"end":{"line":4,"column":18}},"loc":{"start":{"line":4,"column":29},"end":{"line":22,"column":1}},"line":4}},"branchMap":{"0":{"loc":{"start":{"line":8,"column":6},"end":{"line":10,"column":30}},"type":"cond-expr","locations":[{"start":{"line":9,"column":10},"end":{"line":9,"column":35}},{"start":{"line":10,"column":10},"end":{"line":10,"column":30}}],"line":8}},"s":{"0":1,"1":1,"2":1,"3":1,"4":0,"5":0},"f":{"0":1},"b":{"0":[1,0]},"_coverageSchema":"1a1c01bbd47fc00a2c39e90264f33305004495a9","hash":"e4268263e60b9c96ce9011c2d173c28e85150958"}
,"E:\\fundo-project\\fundoo-notes\\src\\config\\logger.js": {"path":"E:\\fundo-project\\fundoo-notes\\src\\config\\logger.js","statementMap":{"0":{"start":{"line":7,"column":15},"end":{"line":34,"column":2}},"1":{"start":{"line":39,"column":21},"end":{"line":60,"column":2}},"2":{"start":{"line":62,"column":25},"end":{"line":71,"column":1}},"3":{"start":{"line":69,"column":4},"end":{"line":69,"column":42}}},"fnMap":{"0":{"name":"(anonymous_0)","decl":{"start":{"line":68,"column":2},"end":{"line":68,"column":3}},"loc":{"start":{"line":68,"column":17},"end":{"line":70,"column":3}},"line":68}},"branchMap":{},"s":{"0":1,"1":1,"2":1,"3":0},"f":{"0":0},"b":{},"_coverageSchema":"1a1c01bbd47fc00a2c39e90264f33305004495a9","hash":"55953ec3a6a5ff0af2994b95ecafa0eaa0afdb57"}
,"E:\\fundo-project\\fundoo-notes\\src\\config\\redis.js": {"path":"E:\\fundo-project\\fundoo-notes\\src\\config\\redis.js","statementMap":{"0":{"start":{"line":2,"column":22},"end":{"line":2,"column":36}},"1":{"start":{"line":4,"column":14},"end":{"line":11,"column":1}},"2":{"start":{"line":5,"column":4},"end":{"line":10,"column":5}},"3":{"start":{"line":6,"column":8},"end":{"line":6,"column":31}},"4":{"start":{"line":7,"column":8},"end":{"line":7,"column":56}},"5":{"start":{"line":9,"column":8},"end":{"line":9,"column":27}}},"fnMap":{"0":{"name":"(anonymous_0)","decl":{"start":{"line":4,"column":14},"end":{"line":4,"column":15}},"loc":{"start":{"line":4,"column":26},"end":{"line":11,"column":1}},"line":4}},"branchMap":{},"s":{"0":1,"1":1,"2":1,"3":1,"4":0,"5":0},"f":{"0":1},"b":{},"_coverageSchema":"1a1c01bbd47fc00a2c39e90264f33305004495a9","hash":"b871f3c3d8257dc825b0a9b367efe0508a9b9424"}
,"E:\\fundo-project\\fundoo-notes\\src\\controllers\\notes.controller.js": {"path":"E:\\fundo-project\\fundoo-notes\\src\\controllers\\notes.controller.js","statementMap":{"0":{"start":{"line":10,"column":28},"end":{"line":21,"column":3}},"1":{"start":{"line":11,"column":4},"end":{"line":20,"column":5}},"2":{"start":{"line":12,"column":19},"end":{"line":12,"column":58}},"3":{"start":{"line":13,"column":6},"end":{"line":17,"column":9}},"4":{"start":{"line":19,"column":6},"end":{"line":19,"column":18}},"5":{"start":{"line":29,"column":27},"end":{"line":40,"column":3}},"6":{"start":{"line":30,"column":4},"end":{"line":39,"column":5}},"7":{"start":{"line":31,"column":19},"end":{"line":31,"column":65}},"8":{"start":{"line":32,"column":6},"end":{"line":36,"column":9}},"9":{"start":{"line":38,"column":6},"end":{"line":38,"column":18}},"10":{"start":{"line":48,"column":28},"end":{"line":59,"column":3}},"11":{"start":{"line":49,"column":4},"end":{"line":58,"column":5}},"12":{"start":{"line":50,"column":19},"end":{"line":50,"column":81}},"13":{"start":{"line":51,"column":6},"end":{"line":55,"column":9}},"14":{"start":{"line":57,"column":6},"end":{"line":57,"column":18}},"15":{"start":{"line":67,"column":31},"end":{"line":78,"column":3}},"16":{"start":{"line":68,"column":4},"end":{"line":77,"column":5}},"17":{"start":{"line":69,"column":19},"end":{"line":69,"column":78}},"18":{"start":{"line":70,"column":6},"end":{"line":74,"column":9}},"19":{"start":{"line":76,"column":6},"end":{"line":76,"column":18}},"20":{"start":{"line":86,"column":31},"end":{"line":97,"column":3}},"21":{"start":{"line":87,"column":4},"end":{"line":96,"column":5}},"22":{"start":{"line":88,"column":6},"end":{"line":88,"column":72}},"23":{"start":{"line":89,"column":6},"end":{"line":93,"column":9}},"24":{"start":{"line":95,"column":6},"end":{"line":95,"column":18}},"25":{"start":{"line":105,"column":27},"end":{"line":116,"column":3}},"26":{"start":{"line":106,"column":4},"end":{"line":115,"column":5}},"27":{"start":{"line":107,"column":19},"end":{"line":107,"column":80}},"28":{"start":{"line":108,"column":6},"end":{"line":112,"column":9}},"29":{"start":{"line":114,"column":6},"end":{"line":114,"column":18}},"30":{"start":{"line":124,"column":25},"end":{"line":135,"column":3}},"31":{"start":{"line":125,"column":4},"end":{"line":134,"column":5}},"32":{"start":{"line":126,"column":19},"end":{"line":126,"column":78}},"33":{"start":{"line":127,"column":6},"end":{"line":131,"column":9}},"34":{"start":{"line":133,"column":6},"end":{"line":133,"column":18}},"35":{"start":{"line":143,"column":23},"end":{"line":154,"column":1}},"36":{"start":{"line":144,"column":2},"end":{"line":153,"column":3}},"37":{"start":{"line":145,"column":17},"end":{"line":145,"column":74}},"38":{"start":{"line":146,"column":4},"end":{"line":150,"column":7}},"39":{"start":{"line":152,"column":4},"end":{"line":152,"column":16}},"40":{"start":{"line":157,"column":26},"end":{"line":168,"column":1}},"41":{"start":{"line":158,"column":2},"end":{"line":167,"column":3}},"42":{"start":{"line":159,"column":17},"end":{"line":159,"column":70}},"43":{"start":{"line":160,"column":4},"end":{"line":164,"column":7}},"44":{"start":{"line":166,"column":4},"end":{"line":166,"column":16}},"45":{"start":{"line":171,"column":32},"end":{"line":182,"column":1}},"46":{"start":{"line":172,"column":2},"end":{"line":181,"column":3}},"47":{"start":{"line":173,"column":17},"end":{"line":173,"column":76}},"48":{"start":{"line":174,"column":4},"end":{"line":178,"column":7}},"49":{"start":{"line":180,"column":4},"end":{"line":180,"column":16}}},"fnMap":{"0":{"name":"(anonymous_0)","decl":{"start":{"line":10,"column":28},"end":{"line":10,"column":29}},"loc":{"start":{"line":10,"column":54},"end":{"line":21,"column":3}},"line":10},"1":{"name":"(anonymous_1)","decl":{"start":{"line":29,"column":27},"end":{"line":29,"column":28}},"loc":{"start":{"line":29,"column":53},"end":{"line":40,"column":3}},"line":29},"2":{"name":"(anonymous_2)","decl":{"start":{"line":48,"column":28},"end":{"line":48,"column":29}},"loc":{"start":{"line":48,"column":54},"end":{"line":59,"column":3}},"line":48},"3":{"name":"(anonymous_3)","decl":{"start":{"line":67,"column":31},"end":{"line":67,"column":32}},"loc":{"start":{"line":67,"column":57},"end":{"line":78,"column":3}},"line":67},"4":{"name":"(anonymous_4)","decl":{"start":{"line":86,"column":31},"end":{"line":86,"column":32}},"loc":{"start":{"line":86,"column":57},"end":{"line":97,"column":3}},"line":86},"5":{"name":"(anonymous_5)","decl":{"start":{"line":105,"column":27},"end":{"line":105,"column":28}},"loc":{"start":{"line":105,"column":53},"end":{"line":116,"column":3}},"line":105},"6":{"name":"(anonymous_6)","decl":{"start":{"line":124,"column":25},"end":{"line":124,"column":26}},"loc":{"start":{"line":124,"column":51},"end":{"line":135,"column":3}},"line":124},"7":{"name":"(anonymous_7)","decl":{"start":{"line":143,"column":23},"end":{"line":143,"column":24}},"loc":{"start":{"line":143,"column":49},"end":{"line":154,"column":1}},"line":143},"8":{"name":"(anonymous_8)","decl":{"start":{"line":157,"column":26},"end":{"line":157,"column":27}},"loc":{"start":{"line":157,"column":52},"end":{"line":168,"column":1}},"line":157},"9":{"name":"(anonymous_9)","decl":{"start":{"line":171,"column":32},"end":{"line":171,"column":33}},"loc":{"start":{"line":171,"column":58},"end":{"line":182,"column":1}},"line":171}},"branchMap":{},"s":{"0":1,"1":0,"2":0,"3":0,"4":0,"5":1,"6":0,"7":0,"8":0,"9":0,"10":1,"11":0,"12":0,"13":0,"14":0,"15":1,"16":0,"17":0,"18":0,"19":0,"20":1,"21":0,"22":0,"23":0,"24":0,"25":1,"26":0,"27":0,"28":0,"29":0,"30":1,"31":0,"32":0,"33":0,"34":0,"35":1,"36":0,"37":0,"38":0,"39":0,"40":1,"41":0,"42":0,"43":0,"44":0,"45":1,"46":0,"47":0,"48":0,"49":0},"f":{"0":0,"1":0,"2":0,"3":0,"4":0,"5":0,"6":0,"7":0,"8":0,"9":0},"b":{},"_coverageSchema":"1a1c01bbd47fc00a2c39e90264f33305004495a9","hash":"3d4faa3fb9f34638170a8a743bbce52311617851"}
,"E:\\fundo-project\\fundoo-notes\\src\\controllers\\user.controller.js": {"path":"E:\\fundo-project\\fundoo-notes\\src\\controllers\\user.controller.js","statementMap":{"0":{"start":{"line":10,"column":24},"end":{"line":21,"column":1}},"1":{"start":{"line":11,"column":2},"end":{"line":20,"column":3}},"2":{"start":{"line":12,"column":17},"end":{"line":12,"column":53}},"3":{"start":{"line":13,"column":4},"end":{"line":17,"column":7}},"4":{"start":{"line":19,"column":4},"end":{"line":19,"column":16}},"5":{"start":{"line":29,"column":22},"end":{"line":40,"column":1}},"6":{"start":{"line":30,"column":2},"end":{"line":39,"column":1}},"7":{"start":{"line":31,"column":17},"end":{"line":31,"column":50}},"8":{"start":{"line":32,"column":4},"end":{"line":36,"column":7}},"9":{"start":{"line":38,"column":2},"end":{"line":38,"column":14}},"10":{"start":{"line":48,"column":31},"end":{"line":59,"column":1}},"11":{"start":{"line":49,"column":2},"end":{"line":58,"column":1}},"12":{"start":{"line":50,"column":17},"end":{"line":50,"column":59}},"13":{"start":{"line":51,"column":4},"end":{"line":55,"column":7}},"14":{"start":{"line":57,"column":2},"end":{"line":57,"column":14}},"15":{"start":{"line":67,"column":30},"end":{"line":78,"column":1}},"16":{"start":{"line":68,"column":2},"end":{"line":77,"column":1}},"17":{"start":{"line":69,"column":17},"end":{"line":69,"column":58}},"18":{"start":{"line":70,"column":4},"end":{"line":74,"column":7}},"19":{"start":{"line":76,"column":2},"end":{"line":76,"column":14}}},"fnMap":{"0":{"name":"(anonymous_0)","decl":{"start":{"line":10,"column":24},"end":{"line":10,"column":25}},"loc":{"start":{"line":10,"column":50},"end":{"line":21,"column":1}},"line":10},"1":{"name":"(anonymous_1)","decl":{"start":{"line":29,"column":22},"end":{"line":29,"column":23}},"loc":{"start":{"line":29,"column":48},"end":{"line":40,"column":1}},"line":29},"2":{"name":"(anonymous_2)","decl":{"start":{"line":48,"column":31},"end":{"line":48,"column":32}},"loc":{"start":{"line":48,"column":57},"end":{"line":59,"column":1}},"line":48},"3":{"name":"(anonymous_3)","decl":{"start":{"line":67,"column":30},"end":{"line":67,"column":31}},"loc":{"start":{"line":67,"column":56},"end":{"line":78,"column":1}},"line":67}},"branchMap":{},"s":{"0":1,"1":0,"2":0,"3":0,"4":0,"5":1,"6":0,"7":0,"8":0,"9":0,"10":1,"11":0,"12":0,"13":0,"14":0,"15":1,"16":0,"17":0,"18":0,"19":0},"f":{"0":0,"1":0,"2":0,"3":0},"b":{},"_coverageSchema":"1a1c01bbd47fc00a2c39e90264f33305004495a9","hash":"6f1f2016d64e5a279486bbf910ac87435d32b034"}
,"E:\\fundo-project\\fundoo-notes\\src\\middlewares\\auth.middleware.js": {"path":"E:\\fundo-project\\fundoo-notes\\src\\middlewares\\auth.middleware.js","statementMap":{"0":{"start":{"line":12,"column":24},"end":{"line":30,"column":1}},"1":{"start":{"line":13,"column":2},"end":{"line":29,"column":3}},"2":{"start":{"line":14,"column":22},"end":{"line":14,"column":49}},"3":{"start":{"line":15,"column":4},"end":{"line":15,"column":65}},"4":{"start":{"line":16,"column":4},"end":{"line":20,"column":8}},"5":{"start":{"line":17,"column":6},"end":{"line":20,"column":8}},"6":{"start":{"line":22,"column":4},"end":{"line":22,"column":44}},"7":{"start":{"line":23,"column":4},"end":{"line":23,"column":64}},"8":{"start":{"line":24,"column":17},"end":{"line":24,"column":70}},"9":{"start":{"line":25,"column":4},"end":{"line":25,"column":33}},"10":{"start":{"line":26,"column":4},"end":{"line":26,"column":11}},"11":{"start":{"line":28,"column":4},"end":{"line":28,"column":16}},"12":{"start":{"line":33,"column":35},"end":{"line":51,"column":1}},"13":{"start":{"line":34,"column":2},"end":{"line":50,"column":3}},"14":{"start":{"line":35,"column":22},"end":{"line":35,"column":49}},"15":{"start":{"line":36,"column":4},"end":{"line":36,"column":65}},"16":{"start":{"line":37,"column":4},"end":{"line":41,"column":8}},"17":{"start":{"line":38,"column":6},"end":{"line":41,"column":8}},"18":{"start":{"line":43,"column":4},"end":{"line":43,"column":44}},"19":{"start":{"line":44,"column":4},"end":{"line":44,"column":64}},"20":{"start":{"line":45,"column":17},"end":{"line":45,"column":70}},"21":{"start":{"line":46,"column":4},"end":{"line":46,"column":32}},"22":{"start":{"line":47,"column":4},"end":{"line":47,"column":11}},"23":{"start":{"line":49,"column":4},"end":{"line":49,"column":16}}},"fnMap":{"0":{"name":"(anonymous_0)","decl":{"start":{"line":12,"column":24},"end":{"line":12,"column":25}},"loc":{"start":{"line":12,"column":50},"end":{"line":30,"column":1}},"line":12},"1":{"name":"(anonymous_1)","decl":{"start":{"line":33,"column":35},"end":{"line":33,"column":36}},"loc":{"start":{"line":33,"column":61},"end":{"line":51,"column":1}},"line":33}},"branchMap":{"0":{"loc":{"start":{"line":16,"column":4},"end":{"line":20,"column":8}},"type":"if","locations":[{"start":{"line":16,"column":4},"end":{"line":20,"column":8}},{"start":{},"end":{}}],"line":16},"1":{"loc":{"start":{"line":37,"column":4},"end":{"line":41,"column":8}},"type":"if","locations":[{"start":{"line":37,"column":4},"end":{"line":41,"column":8}},{"start":{},"end":{}}],"line":37}},"s":{"0":1,"1":0,"2":0,"3":0,"4":0,"5":0,"6":0,"7":0,"8":0,"9":0,"10":0,"11":0,"12":1,"13":0,"14":0,"15":0,"16":0,"17":0,"18":0,"19":0,"20":0,"21":0,"22":0,"23":0},"f":{"0":0,"1":0},"b":{"0":[0,0],"1":[0,0]},"_coverageSchema":"1a1c01bbd47fc00a2c39e90264f33305004495a9","hash":"635602c1b16aa3fd0bdaf698f37dffead4382e40"}
,"E:\\fundo-project\\fundoo-notes\\src\\middlewares\\error.middleware.js": {"path":"E:\\fundo-project\\fundoo-notes\\src\\middlewares\\error.middleware.js","statementMap":{"0":{"start":{"line":12,"column":2},"end":{"line":15,"column":5}},"1":{"start":{"line":28,"column":2},"end":{"line":42,"column":3}},"2":{"start":{"line":29,"column":4},"end":{"line":35,"column":7}},"3":{"start":{"line":36,"column":4},"end":{"line":39,"column":7}},"4":{"start":{"line":41,"column":4},"end":{"line":41,"column":14}},"5":{"start":{"line":55,"column":2},"end":{"line":61,"column":5}},"6":{"start":{"line":63,"column":2},"end":{"line":67,"column":5}}},"fnMap":{"0":{"name":"notFound","decl":{"start":{"line":11,"column":16},"end":{"line":11,"column":24}},"loc":{"start":{"line":11,"column":35},"end":{"line":16,"column":1}},"line":11},"1":{"name":"appErrorHandler","decl":{"start":{"line":27,"column":16},"end":{"line":27,"column":31}},"loc":{"start":{"line":27,"column":53},"end":{"line":43,"column":1}},"line":27},"2":{"name":"genericErrorHandler","decl":{"start":{"line":54,"column":16},"end":{"line":54,"column":35}},"loc":{"start":{"line":54,"column":57},"end":{"line":68,"column":1}},"line":54}},"branchMap":{"0":{"loc":{"start":{"line":28,"column":2},"end":{"line":42,"column":3}},"type":"if","locations":[{"start":{"line":28,"column":2},"end":{"line":42,"column":3}},{"start":{"line":40,"column":9},"end":{"line":42,"column":3}}],"line":28},"1":{"loc":{"start":{"line":28,"column":6},"end":{"line":28,"column":46}},"type":"binary-expr","locations":[{"start":{"line":28,"column":6},"end":{"line":28,"column":14}},{"start":{"line":28,"column":18},"end":{"line":28,"column":46}}],"line":28}},"s":{"0":0,"1":0,"2":0,"3":0,"4":0,"5":0,"6":0},"f":{"0":0,"1":0,"2":0},"b":{"0":[0,0],"1":[0,0]},"_coverageSchema":"1a1c01bbd47fc00a2c39e90264f33305004495a9","hash":"54e8a58b465830ac8328b3d0436ca628ba4646b8"}
,"E:\\fundo-project\\fundoo-notes\\src\\middlewares\\redis.middleware.js": {"path":"E:\\fundo-project\\fundoo-notes\\src\\middlewares\\redis.middleware.js","statementMap":{"0":{"start":{"line":3,"column":26},"end":{"line":15,"column":1}},"1":{"start":{"line":4,"column":18},"end":{"line":4,"column":48}},"2":{"start":{"line":5,"column":4},"end":{"line":5,"column":59}},"3":{"start":{"line":6,"column":4},"end":{"line":14,"column":5}},"4":{"start":{"line":7,"column":8},"end":{"line":11,"column":11}},"5":{"start":{"line":13,"column":8},"end":{"line":13,"column":15}}},"fnMap":{"0":{"name":"(anonymous_0)","decl":{"start":{"line":3,"column":26},"end":{"line":3,"column":27}},"loc":{"start":{"line":3,"column":49},"end":{"line":15,"column":1}},"line":3}},"branchMap":{"0":{"loc":{"start":{"line":6,"column":4},"end":{"line":14,"column":5}},"type":"if","locations":[{"start":{"line":6,"column":4},"end":{"line":14,"column":5}},{"start":{"line":12,"column":9},"end":{"line":14,"column":5}}],"line":6}},"s":{"0":1,"1":0,"2":0,"3":0,"4":0,"5":0},"f":{"0":0},"b":{"0":[0,0]},"_coverageSchema":"1a1c01bbd47fc00a2c39e90264f33305004495a9","hash":"6e7eb3892dd6b1f951a6480b4c9925957f401163"}
,"E:\\fundo-project\\fundoo-notes\\src\\models\\notes.model.js": {"path":"E:\\fundo-project\\fundoo-notes\\src\\models\\notes.model.js","statementMap":{"0":{"start":{"line":4,"column":19},"end":{"line":41,"column":1}}},"fnMap":{},"branchMap":{},"s":{"0":1},"f":{},"b":{},"_coverageSchema":"1a1c01bbd47fc00a2c39e90264f33305004495a9","hash":"fe80530935dfe058000b9a70e6453b5709d3261a"}
,"E:\\fundo-project\\fundoo-notes\\src\\models\\user.model.js": {"path":"E:\\fundo-project\\fundoo-notes\\src\\models\\user.model.js","statementMap":{"0":{"start":{"line":3,"column":19},"end":{"line":27,"column":1}}},"fnMap":{},"branchMap":{},"s":{"0":1},"f":{},"b":{},"_coverageSchema":"1a1c01bbd47fc00a2c39e90264f33305004495a9","hash":"03e2f961fd09f5460fabf3ef52b283cdfff872e6"}
,"E:\\fundo-project\\fundoo-notes\\src\\routes\\index.js": {"path":"E:\\fundo-project\\fundoo-notes\\src\\routes\\index.js","statementMap":{"0":{"start":{"line":2,"column":15},"end":{"line":2,"column":31}},"1":{"start":{"line":11,"column":15},"end":{"line":19,"column":1}},"2":{"start":{"line":12,"column":2},"end":{"line":14,"column":5}},"3":{"start":{"line":13,"column":4},"end":{"line":13,"column":24}},"4":{"start":{"line":15,"column":2},"end":{"line":15,"column":34}},"5":{"start":{"line":16,"column":2},"end":{"line":16,"column":35}},"6":{"start":{"line":18,"column":2},"end":{"line":18,"column":16}}},"fnMap":{"0":{"name":"(anonymous_0)","decl":{"start":{"line":11,"column":15},"end":{"line":11,"column":16}},"loc":{"start":{"line":11,"column":21},"end":{"line":19,"column":1}},"line":11},"1":{"name":"(anonymous_1)","decl":{"start":{"line":12,"column":18},"end":{"line":12,"column":19}},"loc":{"start":{"line":12,"column":32},"end":{"line":14,"column":3}},"line":12}},"branchMap":{},"s":{"0":1,"1":1,"2":1,"3":0,"4":1,"5":1,"6":1},"f":{"0":1,"1":0},"b":{},"_coverageSchema":"1a1c01bbd47fc00a2c39e90264f33305004495a9","hash":"13ab080d5fbd4581a4d7a5c8b40c30611511b600"}
,"E:\\fundo-project\\fundoo-notes\\src\\routes\\notes.route.js": {"path":"E:\\fundo-project\\fundoo-notes\\src\\routes\\notes.route.js","statementMap":{"0":{"start":{"line":7,"column":15},"end":{"line":7,"column":31}},"1":{"start":{"line":10,"column":0},"end":{"line":10,"column":68}},"2":{"start":{"line":13,"column":0},"end":{"line":13,"column":63}},"3":{"start":{"line":16,"column":0},"end":{"line":16,"column":60}},"4":{"start":{"line":19,"column":0},"end":{"line":19,"column":84}},"5":{"start":{"line":22,"column":0},"end":{"line":22,"column":66}},"6":{"start":{"line":25,"column":0},"end":{"line":25,"column":69}},"7":{"start":{"line":28,"column":0},"end":{"line":28,"column":65}},"8":{"start":{"line":31,"column":0},"end":{"line":31,"column":62}},"9":{"start":{"line":34,"column":0},"end":{"line":34,"column":93}},"10":{"start":{"line":37,"column":0},"end":{"line":37,"column":105}}},"fnMap":{},"branchMap":{},"s":{"0":1,"1":1,"2":1,"3":1,"4":1,"5":1,"6":1,"7":1,"8":1,"9":1,"10":1},"f":{},"b":{},"_coverageSchema":"1a1c01bbd47fc00a2c39e90264f33305004495a9","hash":"01312a0b7653f84314d99dcccf1fff95dad4b4a2"}
,"E:\\fundo-project\\fundoo-notes\\src\\routes\\user.route.js": {"path":"E:\\fundo-project\\fundoo-notes\\src\\routes\\user.route.js","statementMap":{"0":{"start":{"line":7,"column":15},"end":{"line":7,"column":31}},"1":{"start":{"line":10,"column":0},"end":{"line":10,"column":73}},"2":{"start":{"line":13,"column":0},"end":{"line":13,"column":44}},"3":{"start":{"line":16,"column":0},"end":{"line":16,"column":57}},"4":{"start":{"line":19,"column":0},"end":{"line":19,"column":75}}},"fnMap":{},"branchMap":{},"s":{"0":1,"1":1,"2":1,"3":1,"4":1},"f":{},"b":{},"_coverageSchema":"1a1c01bbd47fc00a2c39e90264f33305004495a9","hash":"47572aad68ca5782e1634e73e8d36bd0527c932b"}
,"E:\\fundo-project\\fundoo-notes\\src\\services\\notes.service.js": {"path":"E:\\fundo-project\\fundoo-notes\\src\\services\\notes.service.js","statementMap":{"0":{"start":{"line":6,"column":27},"end":{"line":10,"column":1}},"1":{"start":{"line":7,"column":4},"end":{"line":7,"column":35}},"2":{"start":{"line":8,"column":17},"end":{"line":8,"column":41}},"3":{"start":{"line":9,"column":4},"end":{"line":9,"column":16}},"4":{"start":{"line":13,"column":27},"end":{"line":22,"column":1}},"5":{"start":{"line":14,"column":17},"end":{"line":14,"column":53}},"6":{"start":{"line":15,"column":4},"end":{"line":15,"column":57}},"7":{"start":{"line":16,"column":4},"end":{"line":20,"column":5}},"8":{"start":{"line":17,"column":8},"end":{"line":17,"column":20}},"9":{"start":{"line":19,"column":8},"end":{"line":19,"column":65}},"10":{"start":{"line":25,"column":28},"end":{"line":33,"column":1}},"11":{"start":{"line":26,"column":17},"end":{"line":26,"column":66}},"12":{"start":{"line":27,"column":4},"end":{"line":31,"column":5}},"13":{"start":{"line":28,"column":8},"end":{"line":28,"column":20}},"14":{"start":{"line":30,"column":8},"end":{"line":30,"column":68}},"15":{"start":{"line":36,"column":31},"end":{"line":53,"column":1}},"16":{"start":{"line":37,"column":4},"end":{"line":37,"column":35}},"17":{"start":{"line":38,"column":17},"end":{"line":47,"column":5}},"18":{"start":{"line":48,"column":4},"end":{"line":52,"column":5}},"19":{"start":{"line":49,"column":8},"end":{"line":49,"column":20}},"20":{"start":{"line":51,"column":8},"end":{"line":51,"column":68}},"21":{"start":{"line":56,"column":31},"end":{"line":64,"column":1}},"22":{"start":{"line":57,"column":4},"end":{"line":57,"column":35}},"23":{"start":{"line":58,"column":17},"end":{"line":58,"column":75}},"24":{"start":{"line":59,"column":4},"end":{"line":63,"column":5}},"25":{"start":{"line":60,"column":8},"end":{"line":60,"column":20}},"26":{"start":{"line":62,"column":8},"end":{"line":62,"column":68}},"27":{"start":{"line":67,"column":27},"end":{"line":88,"column":1}},"28":{"start":{"line":68,"column":4},"end":{"line":68,"column":35}},"29":{"start":{"line":69,"column":21},"end":{"line":69,"column":70}},"30":{"start":{"line":70,"column":22},"end":{"line":76,"column":5}},"31":{"start":{"line":71,"column":8},"end":{"line":75,"column":9}},"32":{"start":{"line":72,"column":12},"end":{"line":72,"column":23}},"33":{"start":{"line":74,"column":12},"end":{"line":74,"column":24}},"34":{"start":{"line":77,"column":17},"end":{"line":77,"column":30}},"35":{"start":{"line":78,"column":17},"end":{"line":86,"column":5}},"36":{"start":{"line":87,"column":4},"end":{"line":87,"column":16}},"37":{"start":{"line":91,"column":25},"end":{"line":112,"column":1}},"38":{"start":{"line":92,"column":4},"end":{"line":92,"column":35}},"39":{"start":{"line":93,"column":21},"end":{"line":93,"column":70}},"40":{"start":{"line":94,"column":22},"end":{"line":100,"column":5}},"41":{"start":{"line":95,"column":8},"end":{"line":99,"column":9}},"42":{"start":{"line":96,"column":12},"end":{"line":96,"column":23}},"43":{"start":{"line":98,"column":12},"end":{"line":98,"column":24}},"44":{"start":{"line":101,"column":17},"end":{"line":101,"column":30}},"45":{"start":{"line":102,"column":17},"end":{"line":110,"column":5}},"46":{"start":{"line":111,"column":4},"end":{"line":111,"column":16}},"47":{"start":{"line":115,"column":23},"end":{"line":136,"column":1}},"48":{"start":{"line":116,"column":4},"end":{"line":116,"column":35}},"49":{"start":{"line":117,"column":21},"end":{"line":117,"column":70}},"50":{"start":{"line":118,"column":22},"end":{"line":124,"column":5}},"51":{"start":{"line":119,"column":8},"end":{"line":123,"column":9}},"52":{"start":{"line":120,"column":12},"end":{"line":120,"column":23}},"53":{"start":{"line":122,"column":12},"end":{"line":122,"column":24}},"54":{"start":{"line":125,"column":17},"end":{"line":125,"column":30}},"55":{"start":{"line":126,"column":17},"end":{"line":134,"column":5}},"56":{"start":{"line":135,"column":4},"end":{"line":135,"column":16}},"57":{"start":{"line":139,"column":26},"end":{"line":164,"column":1}},"58":{"start":{"line":140,"column":4},"end":{"line":140,"column":35}},"59":{"start":{"line":141,"column":30},"end":{"line":141,"column":78}},"60":{"start":{"line":142,"column":4},"end":{"line":142,"column":63}},"61":{"start":{"line":143,"column":4},"end":{"line":163,"column":5}},"62":{"start":{"line":144,"column":21},"end":{"line":155,"column":9}},"63":{"start":{"line":156,"column":8},"end":{"line":160,"column":9}},"64":{"start":{"line":157,"column":12},"end":{"line":157,"column":24}},"65":{"start":{"line":159,"column":12},"end":{"line":159,"column":72}},"66":{"start":{"line":162,"column":8},"end":{"line":162,"column":61}},"67":{"start":{"line":167,"column":32},"end":{"line":189,"column":1}},"68":{"start":{"line":168,"column":4},"end":{"line":168,"column":35}},"69":{"start":{"line":169,"column":36},"end":{"line":169,"column":102}},"70":{"start":{"line":170,"column":4},"end":{"line":170,"column":69}},"71":{"start":{"line":171,"column":4},"end":{"line":188,"column":5}},"72":{"start":{"line":172,"column":21},"end":{"line":184,"column":9}},"73":{"start":{"line":185,"column":8},"end":{"line":185,"column":20}},"74":{"start":{"line":187,"column":8},"end":{"line":187,"column":76}}},"fnMap":{"0":{"name":"(anonymous_0)","decl":{"start":{"line":6,"column":27},"end":{"line":6,"column":28}},"loc":{"start":{"line":6,"column":43},"end":{"line":10,"column":1}},"line":6},"1":{"name":"(anonymous_1)","decl":{"start":{"line":13,"column":27},"end":{"line":13,"column":28}},"loc":{"start":{"line":13,"column":45},"end":{"line":22,"column":1}},"line":13},"2":{"name":"(anonymous_2)","decl":{"start":{"line":25,"column":28},"end":{"line":25,"column":29}},"loc":{"start":{"line":25,"column":51},"end":{"line":33,"column":1}},"line":25},"3":{"name":"(anonymous_3)","decl":{"start":{"line":36,"column":31},"end":{"line":36,"column":32}},"loc":{"start":{"line":36,"column":52},"end":{"line":53,"column":1}},"line":36},"4":{"name":"(anonymous_4)","decl":{"start":{"line":56,"column":31},"end":{"line":56,"column":32}},"loc":{"start":{"line":56,"column":54},"end":{"line":64,"column":1}},"line":56},"5":{"name":"(anonymous_5)","decl":{"start":{"line":67,"column":27},"end":{"line":67,"column":28}},"loc":{"start":{"line":67,"column":50},"end":{"line":88,"column":1}},"line":67},"6":{"name":"(anonymous_6)","decl":{"start":{"line":70,"column":22},"end":{"line":70,"column":23}},"loc":{"start":{"line":70,"column":28},"end":{"line":76,"column":5}},"line":70},"7":{"name":"(anonymous_7)","decl":{"start":{"line":91,"column":25},"end":{"line":91,"column":26}},"loc":{"start":{"line":91,"column":48},"end":{"line":112,"column":1}},"line":91},"8":{"name":"(anonymous_8)","decl":{"start":{"line":94,"column":22},"end":{"line":94,"column":23}},"loc":{"start":{"line":94,"column":28},"end":{"line":100,"column":5}},"line":94},"9":{"name":"(anonymous_9)","decl":{"start":{"line":115,"column":23},"end":{"line":115,"column":24}},"loc":{"start":{"line":115,"column":46},"end":{"line":136,"column":1}},"line":115},"10":{"name":"(anonymous_10)","decl":{"start":{"line":118,"column":22},"end":{"line":118,"column":23}},"loc":{"start":{"line":118,"column":28},"end":{"line":124,"column":5}},"line":118},"11":{"name":"(anonymous_11)","decl":{"start":{"line":139,"column":26},"end":{"line":139,"column":27}},"loc":{"start":{"line":139,"column":47},"end":{"line":164,"column":1}},"line":139},"12":{"name":"(anonymous_12)","decl":{"start":{"line":167,"column":32},"end":{"line":167,"column":33}},"loc":{"start":{"line":167,"column":53},"end":{"line":189,"column":1}},"line":167}},"branchMap":{"0":{"loc":{"start":{"line":16,"column":4},"end":{"line":20,"column":5}},"type":"if","locations":[{"start":{"line":16,"column":4},"end":{"line":20,"column":5}},{"start":{"line":18,"column":11},"end":{"line":20,"column":5}}],"line":16},"1":{"loc":{"start":{"line":27,"column":4},"end":{"line":31,"column":5}},"type":"if","locations":[{"start":{"line":27,"column":4},"end":{"line":31,"column":5}},{"start":{"line":29,"column":11},"end":{"line":31,"column":5}}],"line":27},"2":{"loc":{"start":{"line":48,"column":4},"end":{"line":52,"column":5}},"type":"if","locations":[{"start":{"line":48,"column":4},"end":{"line":52,"column":5}},{"start":{"line":50,"column":11},"end":{"line":52,"column":5}}],"line":48},"3":{"loc":{"start":{"line":59,"column":4},"end":{"line":63,"column":5}},"type":"if","locations":[{"start":{"line":59,"column":4},"end":{"line":63,"column":5}},{"start":{"line":61,"column":11},"end":{"line":63,"column":5}}],"line":59},"4":{"loc":{"start":{"line":71,"column":8},"end":{"line":75,"column":9}},"type":"if","locations":[{"start":{"line":71,"column":8},"end":{"line":75,"column":9}},{"start":{"line":73,"column":15},"end":{"line":75,"column":9}}],"line":71},"5":{"loc":{"start":{"line":95,"column":8},"end":{"line":99,"column":9}},"type":"if","locations":[{"start":{"line":95,"column":8},"end":{"line":99,"column":9}},{"start":{"line":97,"column":15},"end":{"line":99,"column":9}}],"line":95},"6":{"loc":{"start":{"line":119,"column":8},"end":{"line":123,"column":9}},"type":"if","locations":[{"start":{"line":119,"column":8},"end":{"line":123,"column":9}},{"start":{"line":121,"column":15},"end":{"line":123,"column":9}}],"line":119},"7":{"loc":{"start":{"line":143,"column":4},"end":{"line":163,"column":5}},"type":"if","locations":[{"start":{"line":143,"column":4},"end":{"line":163,"column":5}},{"start":{"line":161,"column":11},"end":{"line":163,"column":5}}],"line":143},"8":{"loc":{"start":{"line":156,"column":8},"end":{"line":160,"column":9}},"type":"if","locations":[{"start":{"line":156,"column":8},"end":{"line":160,"column":9}},{"start":{"line":158,"column":15},"end":{"line":160,"column":9}}],"line":156},"9":{"loc":{"start":{"line":171,"column":4},"end":{"line":188,"column":5}},"type":"if","locations":[{"start":{"line":171,"column":4},"end":{"line":188,"column":5}},{"start":{"line":186,"column":11},"end":{"line":188,"column":5}}],"line":171}},"s":{"0":1,"1":0,"2":0,"3":0,"4":1,"5":0,"6":0,"7":0,"8":0,"9":0,"10":1,"11":0,"12":0,"13":0,"14":0,"15":1,"16":0,"17":0,"18":0,"19":0,"20":0,"21":1,"22":0,"23":0,"24":0,"25":0,"26":0,"27":1,"28":0,"29":0,"30":0,"31":0,"32":0,"33":0,"34":0,"35":0,"36":0,"37":1,"38":0,"39":0,"40":0,"41":0,"42":0,"43":0,"44":0,"45":0,"46":0,"47":1,"48":0,"49":0,"50":0,"51":0,"52":0,"53":0,"54":0,"55":0,"56":0,"57":1,"58":0,"59":0,"60":0,"61":0,"62":0,"63":0,"64":0,"65":0,"66":0,"67":1,"68":0,"69":0,"70":0,"71":0,"72":0,"73":0,"74":0},"f":{"0":0,"1":0,"2":0,"3":0,"4":0,"5":0,"6":0,"7":0,"8":0,"9":0,"10":0,"11":0,"12":0},"b":{"0":[0,0],"1":[0,0],"2":[0,0],"3":[0,0],"4":[0,0],"5":[0,0],"6":[0,0],"7":[0,0],"8":[0,0],"9":[0,0]},"_coverageSchema":"1a1c01bbd47fc00a2c39e90264f33305004495a9","hash":"de6f931122969ee17155afe28476f8a3805cefab"}
,"E:\\fundo-project\\fundoo-notes\\src\\services\\user.service.js": {"path":"E:\\fundo-project\\fundoo-notes\\src\\services\\user.service.js","statementMap":{"0":{"start":{"line":10,"column":24},"end":{"line":19,"column":1}},"1":{"start":{"line":11,"column":21},"end":{"line":11,"column":23}},"2":{"start":{"line":12,"column":15},"end":{"line":12,"column":45}},"3":{"start":{"line":13,"column":15},"end":{"line":13,"column":51}},"4":{"start":{"line":14,"column":2},"end":{"line":14,"column":23}},"5":{"start":{"line":15,"column":15},"end":{"line":15,"column":38}},"6":{"start":{"line":16,"column":17},"end":{"line":16,"column":104}},"7":{"start":{"line":17,"column":2},"end":{"line":17,"column":19}},"8":{"start":{"line":18,"column":2},"end":{"line":18,"column":14}},"9":{"start":{"line":22,"column":21},"end":{"line":38,"column":1}},"10":{"start":{"line":23,"column":2},"end":{"line":23,"column":33}},"11":{"start":{"line":24,"column":15},"end":{"line":24,"column":56}},"12":{"start":{"line":25,"column":2},"end":{"line":37,"column":3}},"13":{"start":{"line":26,"column":19},"end":{"line":26,"column":69}},"14":{"start":{"line":27,"column":4},"end":{"line":33,"column":5}},"15":{"start":{"line":28,"column":18},"end":{"line":28,"column":100}},"16":{"start":{"line":29,"column":6},"end":{"line":29,"column":19}},"17":{"start":{"line":32,"column":6},"end":{"line":32,"column":42}},"18":{"start":{"line":36,"column":4},"end":{"line":36,"column":37}},"19":{"start":{"line":41,"column":30},"end":{"line":51,"column":1}},"20":{"start":{"line":42,"column":15},"end":{"line":42,"column":56}},"21":{"start":{"line":43,"column":2},"end":{"line":50,"column":3}},"22":{"start":{"line":44,"column":16},"end":{"line":44,"column":98}},"23":{"start":{"line":45,"column":4},"end":{"line":45,"column":24}},"24":{"start":{"line":46,"column":4},"end":{"line":46,"column":17}},"25":{"start":{"line":49,"column":4},"end":{"line":49,"column":37}},"26":{"start":{"line":54,"column":29},"end":{"line":66,"column":1}},"27":{"start":{"line":55,"column":21},"end":{"line":55,"column":23}},"28":{"start":{"line":56,"column":15},"end":{"line":56,"column":45}},"29":{"start":{"line":57,"column":15},"end":{"line":57,"column":51}},"30":{"start":{"line":58,"column":15},"end":{"line":64,"column":6}},"31":{"start":{"line":65,"column":2},"end":{"line":65,"column":14}}},"fnMap":{"0":{"name":"(anonymous_0)","decl":{"start":{"line":10,"column":24},"end":{"line":10,"column":25}},"loc":{"start":{"line":10,"column":40},"end":{"line":19,"column":1}},"line":10},"1":{"name":"(anonymous_1)","decl":{"start":{"line":22,"column":21},"end":{"line":22,"column":22}},"loc":{"start":{"line":22,"column":37},"end":{"line":38,"column":1}},"line":22},"2":{"name":"(anonymous_2)","decl":{"start":{"line":41,"column":30},"end":{"line":41,"column":31}},"loc":{"start":{"line":41,"column":46},"end":{"line":51,"column":1}},"line":41},"3":{"name":"(anonymous_3)","decl":{"start":{"line":54,"column":29},"end":{"line":54,"column":30}},"loc":{"start":{"line":54,"column":45},"end":{"line":66,"column":1}},"line":54}},"branchMap":{"0":{"loc":{"start":{"line":25,"column":2},"end":{"line":37,"column":3}},"type":"if","locations":[{"start":{"line":25,"column":2},"end":{"line":37,"column":3}},{"start":{"line":35,"column":7},"end":{"line":37,"column":3}}],"line":25},"1":{"loc":{"start":{"line":27,"column":4},"end":{"line":33,"column":5}},"type":"if","locations":[{"start":{"line":27,"column":4},"end":{"line":33,"column":5}},{"start":{"line":31,"column":9},"end":{"line":33,"column":5}}],"line":27},"2":{"loc":{"start":{"line":43,"column":2},"end":{"line":50,"column":3}},"type":"if","locations":[{"start":{"line":43,"column":2},"end":{"line":50,"column":3}},{"start":{"line":48,"column":9},"end":{"line":50,"column":3}}],"line":43}},"s":{"0":1,"1":0,"2":0,"3":0,"4":0,"5":0,"6":0,"7":0,"8":0,"9":1,"10":0,"11":0,"12":0,"13":0,"14":0,"15":0,"16":0,"17":0,"18":0,"19":1,"20":0,"21":0,"22":0,"23":0,"24":0,"25":0,"26":1,"27":0,"28":0,"29":0,"30":0,"31":0},"f":{"0":0,"1":0,"2":0,"3":0},"b":{"0":[0,0],"1":[0,0],"2":[0,0]},"_coverageSchema":"1a1c01bbd47fc00a2c39e90264f33305004495a9","hash":"0c8e79e278a4f6e8113d080bda110300aa3f893f"}
,"E:\\fundo-project\\fundoo-notes\\src\\utils\\rabbit.util.js": {"path":"E:\\fundo-project\\fundoo-notes\\src\\utils\\rabbit.util.js","statementMap":{"0":{"start":{"line":1,"column":19},"end":{"line":1,"column":41}},"1":{"start":{"line":2,"column":17},"end":{"line":2,"column":38}},"2":{"start":{"line":4,"column":18},"end":{"line":4,"column":92}},"3":{"start":{"line":5,"column":22},"end":{"line":5,"column":59}},"4":{"start":{"line":6,"column":21},"end":{"line":6,"column":68}},"5":{"start":{"line":7,"column":22},"end":{"line":7,"column":127}},"6":{"start":{"line":9,"column":21},"end":{"line":13,"column":3}},"7":{"start":{"line":14,"column":2},"end":{"line":14,"column":64}},"8":{"start":{"line":16,"column":33},"end":{"line":43,"column":3}},"9":{"start":{"line":17,"column":4},"end":{"line":42,"column":5}},"10":{"start":{"line":18,"column":26},"end":{"line":18,"column":61}},"11":{"start":{"line":20,"column":24},"end":{"line":30,"column":8}},"12":{"start":{"line":31,"column":26},"end":{"line":36,"column":7}},"13":{"start":{"line":38,"column":21},"end":{"line":38,"column":58}},"14":{"start":{"line":39,"column":6},"end":{"line":39,"column":20}},"15":{"start":{"line":41,"column":6},"end":{"line":41,"column":19}}},"fnMap":{"0":{"name":"(anonymous_0)","decl":{"start":{"line":16,"column":33},"end":{"line":16,"column":34}},"loc":{"start":{"line":16,"column":68},"end":{"line":43,"column":3}},"line":16}},"branchMap":{},"s":{"0":1,"1":1,"2":1,"3":1,"4":1,"5":1,"6":1,"7":1,"8":1,"9":0,"10":0,"11":0,"12":0,"13":0,"14":0,"15":0},"f":{"0":0},"b":{},"_coverageSchema":"1a1c01bbd47fc00a2c39e90264f33305004495a9","hash":"c186a6170b6f295705cf442825e637b3263ac48a"}
,"E:\\fundo-project\\fundoo-notes\\src\\utils\\rabbitmq.js": {"path":"E:\\fundo-project\\fundoo-notes\\src\\utils\\rabbitmq.js","statementMap":{"0":{"start":{"line":3,"column":11},"end":{"line":3,"column":42}},"1":{"start":{"line":5,"column":20},"end":{"line":28,"column":1}},"2":{"start":{"line":6,"column":4},"end":{"line":27,"column":7}},"3":{"start":{"line":7,"column":8},"end":{"line":9,"column":9}},"4":{"start":{"line":8,"column":12},"end":{"line":8,"column":25}},"5":{"start":{"line":10,"column":8},"end":{"line":25,"column":11}},"6":{"start":{"line":11,"column":12},"end":{"line":13,"column":13}},"7":{"start":{"line":12,"column":16},"end":{"line":12,"column":29}},"8":{"start":{"line":15,"column":24},"end":{"line":15,"column":34}},"9":{"start":{"line":16,"column":22},"end":{"line":16,"column":26}},"10":{"start":{"line":18,"column":12},"end":{"line":20,"column":15}},"11":{"start":{"line":21,"column":12},"end":{"line":21,"column":57}},"12":{"start":{"line":23,"column":12},"end":{"line":23,"column":45}},"13":{"start":{"line":30,"column":15},"end":{"line":57,"column":1}},"14":{"start":{"line":31,"column":4},"end":{"line":56,"column":3}},"15":{"start":{"line":32,"column":4},"end":{"line":34,"column":5}},"16":{"start":{"line":33,"column":8},"end":{"line":33,"column":21}},"17":{"start":{"line":35,"column":4},"end":{"line":55,"column":7}},"18":{"start":{"line":36,"column":8},"end":{"line":38,"column":9}},"19":{"start":{"line":37,"column":12},"end":{"line":37,"column":25}},"20":{"start":{"line":40,"column":20},"end":{"line":40,"column":30}},"21":{"start":{"line":42,"column":8},"end":{"line":44,"column":11}},"22":{"start":{"line":46,"column":8},"end":{"line":46,"column":84}},"23":{"start":{"line":48,"column":8},"end":{"line":54,"column":11}},"24":{"start":{"line":49,"column":12},"end":{"line":49,"column":68}},"25":{"start":{"line":50,"column":33},"end":{"line":50,"column":67}},"26":{"start":{"line":51,"column":12},"end":{"line":51,"column":101}},"27":{"start":{"line":59,"column":0},"end":{"line":59,"column":11}}},"fnMap":{"0":{"name":"(anonymous_0)","decl":{"start":{"line":5,"column":20},"end":{"line":5,"column":21}},"loc":{"start":{"line":5,"column":30},"end":{"line":28,"column":1}},"line":5},"1":{"name":"(anonymous_1)","decl":{"start":{"line":6,"column":37},"end":{"line":6,"column":38}},"loc":{"start":{"line":6,"column":66},"end":{"line":27,"column":5}},"line":6},"2":{"name":"(anonymous_2)","decl":{"start":{"line":10,"column":33},"end":{"line":10,"column":34}},"loc":{"start":{"line":10,"column":59},"end":{"line":25,"column":9}},"line":10},"3":{"name":"(anonymous_3)","decl":{"start":{"line":30,"column":15},"end":{"line":30,"column":16}},"loc":{"start":{"line":30,"column":21},"end":{"line":57,"column":1}},"line":30},"4":{"name":"(anonymous_4)","decl":{"start":{"line":31,"column":37},"end":{"line":31,"column":38}},"loc":{"start":{"line":31,"column":66},"end":{"line":56,"column":1}},"line":31},"5":{"name":"(anonymous_5)","decl":{"start":{"line":35,"column":29},"end":{"line":35,"column":30}},"loc":{"start":{"line":35,"column":55},"end":{"line":55,"column":5}},"line":35},"6":{"name":"(anonymous_6)","decl":{"start":{"line":48,"column":31},"end":{"line":48,"column":32}},"loc":{"start":{"line":48,"column":45},"end":{"line":52,"column":9}},"line":48}},"branchMap":{"0":{"loc":{"start":{"line":7,"column":8},"end":{"line":9,"column":9}},"type":"if","locations":[{"start":{"line":7,"column":8},"end":{"line":9,"column":9}},{"start":{},"end":{}}],"line":7},"1":{"loc":{"start":{"line":11,"column":12},"end":{"line":13,"column":13}},"type":"if","locations":[{"start":{"line":11,"column":12},"end":{"line":13,"column":13}},{"start":{},"end":{}}],"line":11},"2":{"loc":{"start":{"line":32,"column":4},"end":{"line":34,"column":5}},"type":"if","locations":[{"start":{"line":32,"column":4},"end":{"line":34,"column":5}},{"start":{},"end":{}}],"line":32},"3":{"loc":{"start":{"line":36,"column":8},"end":{"line":38,"column":9}},"type":"if","locations":[{"start":{"line":36,"column":8},"end":{"line":38,"column":9}},{"start":{},"end":{}}],"line":36}},"s":{"0":1,"1":1,"2":0,"3":0,"4":0,"5":0,"6":0,"7":0,"8":0,"9":0,"10":0,"11":0,"12":0,"13":1,"14":1,"15":0,"16":0,"17":0,"18":0,"19":0,"20":0,"21":0,"22":0,"23":0,"24":0,"25":0,"26":0,"27":1},"f":{"0":0,"1":0,"2":0,"3":1,"4":0,"5":0,"6":0},"b":{"0":[0,0],"1":[0,0],"2":[0,0],"3":[0,0]},"_coverageSchema":"1a1c01bbd47fc00a2c39e90264f33305004495a9","hash":"eb63e9eeac97f651dfe417b27f09cc5284a627aa"}
,"E:\\fundo-project\\fundoo-notes\\src\\utils\\user.util.js": {"path":"E:\\fundo-project\\fundoo-notes\\src\\utils\\user.util.js","statementMap":{"0":{"start":{"line":1,"column":19},"end":{"line":1,"column":41}},"1":{"start":{"line":2,"column":17},"end":{"line":2,"column":38}},"2":{"start":{"line":4,"column":18},"end":{"line":4,"column":92}},"3":{"start":{"line":5,"column":22},"end":{"line":5,"column":59}},"4":{"start":{"line":6,"column":21},"end":{"line":6,"column":68}},"5":{"start":{"line":7,"column":22},"end":{"line":7,"column":127}},"6":{"start":{"line":9,"column":21},"end":{"line":13,"column":3}},"7":{"start":{"line":14,"column":2},"end":{"line":14,"column":64}},"8":{"start":{"line":16,"column":26},"end":{"line":44,"column":3}},"9":{"start":{"line":17,"column":4},"end":{"line":43,"column":5}},"10":{"start":{"line":18,"column":26},"end":{"line":18,"column":61}},"11":{"start":{"line":20,"column":24},"end":{"line":30,"column":8}},"12":{"start":{"line":31,"column":26},"end":{"line":37,"column":7}},"13":{"start":{"line":39,"column":21},"end":{"line":39,"column":58}},"14":{"start":{"line":40,"column":6},"end":{"line":40,"column":20}},"15":{"start":{"line":42,"column":6},"end":{"line":42,"column":19}}},"fnMap":{"0":{"name":"(anonymous_0)","decl":{"start":{"line":16,"column":26},"end":{"line":16,"column":27}},"loc":{"start":{"line":16,"column":42},"end":{"line":44,"column":3}},"line":16}},"branchMap":{},"s":{"0":1,"1":1,"2":1,"3":1,"4":1,"5":1,"6":1,"7":1,"8":1,"9":0,"10":0,"11":0,"12":0,"13":0,"14":0,"15":0},"f":{"0":0},"b":{},"_coverageSchema":"1a1c01bbd47fc00a2c39e90264f33305004495a9","hash":"39da92f0a4e798ae9ed603715d5046ba3e076446"}
,"E:\\fundo-project\\fundoo-notes\\src\\validators\\notes.validator.js": {"path":"E:\\fundo-project\\fundoo-notes\\src\\validators\\notes.validator.js","statementMap":{"0":{"start":{"line":3,"column":30},"end":{"line":17,"column":1}},"1":{"start":{"line":4,"column":17},"end":{"line":9,"column":4}},"2":{"start":{"line":10,"column":27},"end":{"line":10,"column":52}},"3":{"start":{"line":11,"column":2},"end":{"line":16,"column":3}},"4":{"start":{"line":12,"column":4},"end":{"line":12,"column":16}},"5":{"start":{"line":14,"column":5},"end":{"line":14,"column":31}},"6":{"start":{"line":15,"column":4},"end":{"line":15,"column":11}},"7":{"start":{"line":19,"column":36},"end":{"line":33,"column":1}},"8":{"start":{"line":20,"column":17},"end":{"line":25,"column":4}},"9":{"start":{"line":26,"column":27},"end":{"line":26,"column":52}},"10":{"start":{"line":27,"column":2},"end":{"line":32,"column":3}},"11":{"start":{"line":28,"column":4},"end":{"line":28,"column":16}},"12":{"start":{"line":30,"column":5},"end":{"line":30,"column":31}},"13":{"start":{"line":31,"column":4},"end":{"line":31,"column":11}},"14":{"start":{"line":36,"column":37},"end":{"line":47,"column":1}},"15":{"start":{"line":37,"column":17},"end":{"line":39,"column":4}},"16":{"start":{"line":40,"column":27},"end":{"line":40,"column":52}},"17":{"start":{"line":41,"column":2},"end":{"line":46,"column":3}},"18":{"start":{"line":42,"column":4},"end":{"line":42,"column":16}},"19":{"start":{"line":44,"column":5},"end":{"line":44,"column":31}},"20":{"start":{"line":45,"column":4},"end":{"line":45,"column":11}}},"fnMap":{"0":{"name":"(anonymous_0)","decl":{"start":{"line":3,"column":30},"end":{"line":3,"column":31}},"loc":{"start":{"line":3,"column":50},"end":{"line":17,"column":1}},"line":3},"1":{"name":"(anonymous_1)","decl":{"start":{"line":19,"column":36},"end":{"line":19,"column":37}},"loc":{"start":{"line":19,"column":56},"end":{"line":33,"column":1}},"line":19},"2":{"name":"(anonymous_2)","decl":{"start":{"line":36,"column":37},"end":{"line":36,"column":38}},"loc":{"start":{"line":36,"column":57},"end":{"line":47,"column":1}},"line":36}},"branchMap":{"0":{"loc":{"start":{"line":11,"column":2},"end":{"line":16,"column":3}},"type":"if","locations":[{"start":{"line":11,"column":2},"end":{"line":16,"column":3}},{"start":{"line":13,"column":9},"end":{"line":16,"column":3}}],"line":11},"1":{"loc":{"start":{"line":27,"column":2},"end":{"line":32,"column":3}},"type":"if","locations":[{"start":{"line":27,"column":2},"end":{"line":32,"column":3}},{"start":{"line":29,"column":9},"end":{"line":32,"column":3}}],"line":27},"2":{"loc":{"start":{"line":41,"column":2},"end":{"line":46,"column":3}},"type":"if","locations":[{"start":{"line":41,"column":2},"end":{"line":46,"column":3}},{"start":{"line":43,"column":9},"end":{"line":46,"column":3}}],"line":41}},"s":{"0":1,"1":0,"2":0,"3":0,"4":0,"5":0,"6":0,"7":1,"8":0,"9":0,"10":0,"11":0,"12":0,"13":0,"14":1,"15":0,"16":0,"17":0,"18":0,"19":0,"20":0},"f":{"0":0,"1":0,"2":0},"b":{"0":[0,0],"1":[0,0],"2":[0,0]},"_coverageSchema":"1a1c01bbd47fc00a2c39e90264f33305004495a9","hash":"a692c06bad1de6bf36f6d67aaedab211ea54749c"}
,"E:\\fundo-project\\fundoo-notes\\src\\validators\\user.validator.js": {"path":"E:\\fundo-project\\fundoo-notes\\src\\validators\\user.validator.js","statementMap":{"0":{"start":{"line":3,"column":37},"end":{"line":17,"column":1}},"1":{"start":{"line":4,"column":17},"end":{"line":9,"column":4}},"2":{"start":{"line":10,"column":27},"end":{"line":10,"column":52}},"3":{"start":{"line":11,"column":2},"end":{"line":16,"column":3}},"4":{"start":{"line":12,"column":4},"end":{"line":12,"column":16}},"5":{"start":{"line":14,"column":4},"end":{"line":14,"column":30}},"6":{"start":{"line":15,"column":4},"end":{"line":15,"column":11}}},"fnMap":{"0":{"name":"(anonymous_0)","decl":{"start":{"line":3,"column":37},"end":{"line":3,"column":38}},"loc":{"start":{"line":3,"column":57},"end":{"line":17,"column":1}},"line":3}},"branchMap":{"0":{"loc":{"start":{"line":11,"column":2},"end":{"line":16,"column":3}},"type":"if","locations":[{"start":{"line":11,"column":2},"end":{"line":16,"column":3}},{"start":{"line":13,"column":9},"end":{"line":16,"column":3}}],"line":11}},"s":{"0":1,"1":0,"2":0,"3":0,"4":0,"5":0,"6":0},"f":{"0":0},"b":{"0":[0,0]},"_coverageSchema":"1a1c01bbd47fc00a2c39e90264f33305004495a9","hash":"e1c7ad198bef556ead70a18f6f462d8db8c24cc4"}
}
